<?xml version="1.0" encoding="UTF-8"?>
<testsuites name="jest tests" tests="2" failures="0" errors="0" time="6.952">
  <testsuite name="undefined" errors="0" failures="0" skipped="0" timestamp="2021-01-24T11:33:28" time="5.369" tests="1">
    <testcase classname=" adds 1 + 2 to equal 3" name=" adds 1 + 2 to equal 3" time="0.002">
    </testcase>
  </testsuite>
  <testsuite name="isDevToolsEnvValid" errors="0" failures="0" skipped="0" timestamp="2021-01-24T11:33:28" time="5.51" tests="1">
    <testcase classname="isDevToolsEnvValid returns `true` if all properties are strings" name="isDevToolsEnvValid returns `true` if all properties are strings" time="0.002">
    </testcase>
  </testsuite>
</testsuites>