<?xml version="1.0" encoding="UTF-8"?>
<testsuites name="jest tests" tests="3" failures="0" errors="0" time="5.526">
  <testsuite name="isDevToolsEnvValid" errors="0" failures="0" skipped="0" timestamp="2021-01-25T05:01:12" time="4.33" tests="1">
    <testcase classname="isDevToolsEnvValid returns `true` if all properties are strings" name="isDevToolsEnvValid returns `true` if all properties are strings" time="0.002">
    </testcase>
  </testsuite>
  <testsuite name="devToolsEnabled" errors="0" failures="0" skipped="0" timestamp="2021-01-25T05:01:12" time="4.368" tests="2">
    <testcase classname="devToolsEnabled it defaults to FALSE in production builds, but can be enabled" name="devToolsEnabled it defaults to FALSE in production builds, but can be enabled" time="0.011">
    </testcase>
    <testcase classname="devToolsEnabled it defaults to TRUE in development mode, but can be disabled" name="devToolsEnabled it defaults to TRUE in development mode, but can be disabled" time="0.002">
    </testcase>
  </testsuite>
</testsuites>