<?xml version="1.0" encoding="UTF-8"?>
<testExecutions version="1">
  <file path="D:\Project\manager-1-develop-main\packages\manager\src\App.test.tsx">
  </file>
  <file path="D:\Project\manager-1-develop-main\packages\manager\src\components\Storyshots.test.tsx">
  </file>
  <file path="D:\Project\manager-1-develop-main\packages\manager\src\sum.test.ts">
  </file>
</testExecutions>